Error: on:7 de fevereiro de 2014 15:51: ERROR: Attempt to upload a photo that is too large to process (tome1.jpg).<br />Based on your server memory limit you should not upload images larger then <strong>1826 x 1369 (2.4 MP)</strong>
Error: on:7 de fevereiro de 2014 15:51: Error inserting photo tome1.jpg.
Error: on:7 de fevereiro de 2014 15:52: ERROR: Attempt to upload a photo that is too large to process (tome1.jpg).<br />Based on your server memory limit you should not upload images larger then <strong>1826 x 1369 (2.4 MP)</strong>
Error: on:7 de fevereiro de 2014 15:52: Error inserting photo tome1.jpg.
Error: on:7 de fevereiro de 2014 15:52: ERROR: Attempt to upload a photo that is too large to process (tome1.jpg).<br />Based on your server memory limit you should not upload images larger then <strong>1826 x 1369 (2.4 MP)</strong>
Error: on:7 de fevereiro de 2014 15:52: Error inserting photo tome1.jpg.
Error: on:7 de fevereiro de 2014 15:53: Unsupported mime type encountered: 5.
Error: on:7 de fevereiro de 2014 15:53: Error inserting photo ResultadoEnquete.psd.
Error: on:9 de abril de 2014 19:34: Warning:The uploads directory does not exist or is not writable by the server. Please make sure that /Users/mmartche/Sites/carsale/noticias-br/wp-content/uploads/wppa is writeable by the server.
Error: on:9 de abril de 2014 19:34: Warning:The uploads directory does not exist or is not writable by the server. Please make sure that /Users/mmartche/Sites/carsale/noticias-br/wp-content/uploads/wppa is writeable by the server.
Error: on:9 de abril de 2014 19:34: Warning:The uploads directory does not exist or is not writable by the server. Please make sure that /Users/mmartche/Sites/carsale/noticias-br/wp-content/uploads/wppa is writeable by the server.
Error: on:14 de abril de 2014 19:12: ERROR: Attempt to upload a photo that is too large to process (wallpaper-p-ferrari-wallpaper-images-hd-wallpapers-wallfoy-ferrari-wallpaper-hd-1080p.jpg).<br />Based on your server memory limit you should not upload images larger then <strong>1724 x 1293 (2.1 MP)</strong>
Error: on:14 de abril de 2014 19:12: Error inserting photo wallpaper-p-ferrari-wallpaper-images-hd-wallpapers-wallfoy-ferrari-wallpaper-hd-1080p.jpg.
Error: on:14 de abril de 2014 19:12: ERROR: Attempt to upload a photo that is too large to process (wallpaper-p-ferrari-wallpaper-images-hd-wallpapers-wallfoy-ferrari-wallpaper-hd-1080p.jpg).<br />Based on your server memory limit you should not upload images larger then <strong>1724 x 1293 (2.1 MP)</strong>
Error: on:14 de abril de 2014 19:12: Error inserting photo wallpaper-p-ferrari-wallpaper-images-hd-wallpapers-wallfoy-ferrari-wallpaper-hd-1080p.jpg.
Error: on:14 de abril de 2014 19:13: ERROR: Attempt to upload a photo that is too large to process (wallpaper-p-ferrari-wallpaper-images-hd-wallpapers-wallfoy-ferrari-wallpaper-hd-1080p.jpg).<br />Based on your server memory limit you should not upload images larger then <strong>1724 x 1293 (2.1 MP)</strong>
Error: on:14 de abril de 2014 19:13: Error inserting photo wallpaper-p-ferrari-wallpaper-images-hd-wallpapers-wallfoy-ferrari-wallpaper-hd-1080p.jpg.
Error: on:14 de abril de 2014 21:32: Unexpected error: file /Users/mmartche/Sites/carsale/noticias-br/wp-content/uploads/wppa/1.jpg was expected but is missing
Error: on:14 de abril de 2014 21:32: Unexpected error: file /Users/mmartche/Sites/carsale/noticias-br/wp-content/uploads/wppa/3.jpg was expected but is missing
Error: on:14 de abril de 2014 21:32: Unexpected error: file /Users/mmartche/Sites/carsale/noticias-br/wp-content/uploads/wppa/4.jpg was expected but is missing
Error: on:14 de abril de 2014 21:32: Unexpected error: file /Users/mmartche/Sites/carsale/noticias-br/wp-content/uploads/wppa/5.jpg was expected but is missing
Error: on:14 de abril de 2014 21:32: Unexpected error: file /Users/mmartche/Sites/carsale/noticias-br/wp-content/uploads/wppa/6.jpg was expected but is missing
Error: on:14 de abril de 2014 21:32: Unexpected error: file /Users/mmartche/Sites/carsale/noticias-br/wp-content/uploads/wppa/7.jpg was expected but is missing
Error: on:14 de abril de 2014 21:32: Unexpected error: file /Users/mmartche/Sites/carsale/noticias-br/wp-content/uploads/wppa/8.jpg was expected but is missing
Error: on:14 de abril de 2014 21:32: Unexpected error: file /Users/mmartche/Sites/carsale/noticias-br/wp-content/uploads/wppa/9.jpg was expected but is missing
Error: on:14 de abril de 2014 21:32: Unexpected error: file /Users/mmartche/Sites/carsale/noticias-br/wp-content/uploads/wppa/10.jpg was expected but is missing
Error: on:14 de abril de 2014 21:32: Unexpected error: file /Users/mmartche/Sites/carsale/noticias-br/wp-content/uploads/wppa/11.jpg was expected but is missing
Error: on:14 de abril de 2014 21:32: Unexpected error: file /Users/mmartche/Sites/carsale/noticias-br/wp-content/uploads/wppa/12.jpg was expected but is missing
Error: on:14 de abril de 2014 21:32: Unexpected error: file /Users/mmartche/Sites/carsale/noticias-br/wp-content/uploads/wppa/13.jpg was expected but is missing
Error: on:14 de abril de 2014 21:32: Unexpected error: file /Users/mmartche/Sites/carsale/noticias-br/wp-content/uploads/wppa/14.jpg was expected but is missing
Error: on:14 de abril de 2014 21:32: Unexpected error: file /Users/mmartche/Sites/carsale/noticias-br/wp-content/uploads/wppa/15.jpg was expected but is missing
Error: on:14 de abril de 2014 21:32: Unexpected error: file /Users/mmartche/Sites/carsale/noticias-br/wp-content/uploads/wppa/16.jpg was expected but is missing
Error: on:14 de abril de 2014 21:32: Unexpected error: file /Users/mmartche/Sites/carsale/noticias-br/wp-content/uploads/wppa/17.jpg was expected but is missing
Error: on:14 de abril de 2014 21:32: Unexpected error: file /Users/mmartche/Sites/carsale/noticias-br/wp-content/uploads/wppa/18.jpg was expected but is missing
Error: on:14 de abril de 2014 21:32: Unexpected error: file /Users/mmartche/Sites/carsale/noticias-br/wp-content/uploads/wppa/19.jpg was expected but is missing
Error: on:14 de abril de 2014 21:32: Unexpected error: file /Users/mmartche/Sites/carsale/noticias-br/wp-content/uploads/wppa/20.jpg was expected but is missing
Error: on:14 de abril de 2014 21:32: Unexpected error: file /Users/mmartche/Sites/carsale/noticias-br/wp-content/uploads/wppa/21.jpg was expected but is missing
Error: on:14 de abril de 2014 21:42: Unexpected error: file /Users/mmartche/Sites/carsale/noticias-br/wp-content/uploads/wppa/1.jpg was expected but is missing
Error: on:14 de abril de 2014 21:42: Unexpected error: file /Users/mmartche/Sites/carsale/noticias-br/wp-content/uploads/wppa/3.jpg was expected but is missing
Error: on:14 de abril de 2014 21:42: Unexpected error: file /Users/mmartche/Sites/carsale/noticias-br/wp-content/uploads/wppa/4.jpg was expected but is missing
Error: on:14 de abril de 2014 21:42: Unexpected error: file /Users/mmartche/Sites/carsale/noticias-br/wp-content/uploads/wppa/5.jpg was expected but is missing
Error: on:14 de abril de 2014 21:42: Unexpected error: file /Users/mmartche/Sites/carsale/noticias-br/wp-content/uploads/wppa/6.jpg was expected but is missing
Error: on:14 de abril de 2014 21:42: Unexpected error: file /Users/mmartche/Sites/carsale/noticias-br/wp-content/uploads/wppa/7.jpg was expected but is missing
Error: on:14 de abril de 2014 21:42: Unexpected error: file /Users/mmartche/Sites/carsale/noticias-br/wp-content/uploads/wppa/8.jpg was expected but is missing
Error: on:14 de abril de 2014 21:42: Unexpected error: file /Users/mmartche/Sites/carsale/noticias-br/wp-content/uploads/wppa/9.jpg was expected but is missing
Error: on:14 de abril de 2014 21:42: Unexpected error: file /Users/mmartche/Sites/carsale/noticias-br/wp-content/uploads/wppa/10.jpg was expected but is missing
Error: on:14 de abril de 2014 21:42: Unexpected error: file /Users/mmartche/Sites/carsale/noticias-br/wp-content/uploads/wppa/11.jpg was expected but is missing
Error: on:14 de abril de 2014 21:42: Unexpected error: file /Users/mmartche/Sites/carsale/noticias-br/wp-content/uploads/wppa/13.jpg was expected but is missing
Error: on:14 de abril de 2014 21:42: Unexpected error: file /Users/mmartche/Sites/carsale/noticias-br/wp-content/uploads/wppa/14.jpg was expected but is missing
Error: on:14 de abril de 2014 21:42: Unexpected error: file /Users/mmartche/Sites/carsale/noticias-br/wp-content/uploads/wppa/15.jpg was expected but is missing
Error: on:14 de abril de 2014 21:42: Unexpected error: file /Users/mmartche/Sites/carsale/noticias-br/wp-content/uploads/wppa/16.jpg was expected but is missing
Error: on:14 de abril de 2014 21:42: Unexpected error: file /Users/mmartche/Sites/carsale/noticias-br/wp-content/uploads/wppa/17.jpg was expected but is missing
Error: on:14 de abril de 2014 21:42: Unexpected error: file /Users/mmartche/Sites/carsale/noticias-br/wp-content/uploads/wppa/18.jpg was expected but is missing
Error: on:14 de abril de 2014 21:42: Unexpected error: file /Users/mmartche/Sites/carsale/noticias-br/wp-content/uploads/wppa/19.jpg was expected but is missing
Error: on:14 de abril de 2014 21:42: Unexpected error: file /Users/mmartche/Sites/carsale/noticias-br/wp-content/uploads/wppa/20.jpg was expected but is missing
Error: on:14 de abril de 2014 21:42: Unexpected error: file /Users/mmartche/Sites/carsale/noticias-br/wp-content/uploads/wppa/21.jpg was expected but is missing
Error: on:14 de abril de 2014 21:47: Unexpected error: file /Users/mmartche/Sites/carsale/noticias-br/wp-content/uploads/wppa/1.jpg was expected but is missing
Error: on:14 de abril de 2014 21:47: Unexpected error: file /Users/mmartche/Sites/carsale/noticias-br/wp-content/uploads/wppa/3.jpg was expected but is missing
Error: on:14 de abril de 2014 21:47: Unexpected error: file /Users/mmartche/Sites/carsale/noticias-br/wp-content/uploads/wppa/4.jpg was expected but is missing
Error: on:14 de abril de 2014 21:47: Unexpected error: file /Users/mmartche/Sites/carsale/noticias-br/wp-content/uploads/wppa/5.jpg was expected but is missing
Error: on:14 de abril de 2014 21:47: Unexpected error: file /Users/mmartche/Sites/carsale/noticias-br/wp-content/uploads/wppa/6.jpg was expected but is missing
Error: on:14 de abril de 2014 21:47: Unexpected error: file /Users/mmartche/Sites/carsale/noticias-br/wp-content/uploads/wppa/7.jpg was expected but is missing
Error: on:14 de abril de 2014 21:47: Unexpected error: file /Users/mmartche/Sites/carsale/noticias-br/wp-content/uploads/wppa/8.jpg was expected but is missing
Error: on:14 de abril de 2014 21:47: Unexpected error: file /Users/mmartche/Sites/carsale/noticias-br/wp-content/uploads/wppa/9.jpg was expected but is missing
Error: on:14 de abril de 2014 21:47: Unexpected error: file /Users/mmartche/Sites/carsale/noticias-br/wp-content/uploads/wppa/10.jpg was expected but is missing
Error: on:14 de abril de 2014 21:47: Unexpected error: file /Users/mmartche/Sites/carsale/noticias-br/wp-content/uploads/wppa/11.jpg was expected but is missing
Error: on:14 de abril de 2014 21:47: Unexpected error: file /Users/mmartche/Sites/carsale/noticias-br/wp-content/uploads/wppa/13.jpg was expected but is missing
Error: on:14 de abril de 2014 21:47: Unexpected error: file /Users/mmartche/Sites/carsale/noticias-br/wp-content/uploads/wppa/14.jpg was expected but is missing
Error: on:14 de abril de 2014 21:47: Unexpected error: file /Users/mmartche/Sites/carsale/noticias-br/wp-content/uploads/wppa/15.jpg was expected but is missing
Error: on:14 de abril de 2014 21:47: Unexpected error: file /Users/mmartche/Sites/carsale/noticias-br/wp-content/uploads/wppa/16.jpg was expected but is missing
Error: on:14 de abril de 2014 21:47: Unexpected error: file /Users/mmartche/Sites/carsale/noticias-br/wp-content/uploads/wppa/17.jpg was expected but is missing
Error: on:14 de abril de 2014 21:47: Unexpected error: file /Users/mmartche/Sites/carsale/noticias-br/wp-content/uploads/wppa/18.jpg was expected but is missing
Error: on:14 de abril de 2014 21:47: Unexpected error: file /Users/mmartche/Sites/carsale/noticias-br/wp-content/uploads/wppa/19.jpg was expected but is missing
Error: on:14 de abril de 2014 21:47: Unexpected error: file /Users/mmartche/Sites/carsale/noticias-br/wp-content/uploads/wppa/20.jpg was expected but is missing
Error: on:14 de abril de 2014 21:47: Unexpected error: file /Users/mmartche/Sites/carsale/noticias-br/wp-content/uploads/wppa/21.jpg was expected but is missing
Error: on:14 de abril de 2014 21:50: Unexpected error: file /Users/mmartche/Sites/carsale/noticias-br/wp-content/uploads/wppa/1.jpg was expected but is missing
Error: on:14 de abril de 2014 21:50: Unexpected error: file /Users/mmartche/Sites/carsale/noticias-br/wp-content/uploads/wppa/3.jpg was expected but is missing
Error: on:14 de abril de 2014 21:50: Unexpected error: file /Users/mmartche/Sites/carsale/noticias-br/wp-content/uploads/wppa/4.jpg was expected but is missing
Error: on:14 de abril de 2014 21:50: Unexpected error: file /Users/mmartche/Sites/carsale/noticias-br/wp-content/uploads/wppa/5.jpg was expected but is missing
Error: on:14 de abril de 2014 21:50: Unexpected error: file /Users/mmartche/Sites/carsale/noticias-br/wp-content/uploads/wppa/6.jpg was expected but is missing
Error: on:14 de abril de 2014 21:50: Unexpected error: file /Users/mmartche/Sites/carsale/noticias-br/wp-content/uploads/wppa/7.jpg was expected but is missing
Error: on:14 de abril de 2014 21:50: Unexpected error: file /Users/mmartche/Sites/carsale/noticias-br/wp-content/uploads/wppa/8.jpg was expected but is missing
Error: on:14 de abril de 2014 21:50: Unexpected error: file /Users/mmartche/Sites/carsale/noticias-br/wp-content/uploads/wppa/9.jpg was expected but is missing
Error: on:14 de abril de 2014 21:50: Unexpected error: file /Users/mmartche/Sites/carsale/noticias-br/wp-content/uploads/wppa/10.jpg was expected but is missing
Error: on:14 de abril de 2014 21:50: Unexpected error: file /Users/mmartche/Sites/carsale/noticias-br/wp-content/uploads/wppa/11.jpg was expected but is missing
Error: on:14 de abril de 2014 21:50: Unexpected error: file /Users/mmartche/Sites/carsale/noticias-br/wp-content/uploads/wppa/13.jpg was expected but is missing
Error: on:14 de abril de 2014 21:50: Unexpected error: file /Users/mmartche/Sites/carsale/noticias-br/wp-content/uploads/wppa/14.jpg was expected but is missing
Error: on:14 de abril de 2014 21:50: Unexpected error: file /Users/mmartche/Sites/carsale/noticias-br/wp-content/uploads/wppa/15.jpg was expected but is missing
Error: on:14 de abril de 2014 21:50: Unexpected error: file /Users/mmartche/Sites/carsale/noticias-br/wp-content/uploads/wppa/16.jpg was expected but is missing
Error: on:14 de abril de 2014 21:50: Unexpected error: file /Users/mmartche/Sites/carsale/noticias-br/wp-content/uploads/wppa/17.jpg was expected but is missing
Error: on:14 de abril de 2014 21:50: Unexpected error: file /Users/mmartche/Sites/carsale/noticias-br/wp-content/uploads/wppa/18.jpg was expected but is missing
Error: on:14 de abril de 2014 21:50: Unexpected error: file /Users/mmartche/Sites/carsale/noticias-br/wp-content/uploads/wppa/19.jpg was expected but is missing
Error: on:14 de abril de 2014 21:50: Unexpected error: file /Users/mmartche/Sites/carsale/noticias-br/wp-content/uploads/wppa/20.jpg was expected but is missing
Error: on:14 de abril de 2014 21:50: Unexpected error: file /Users/mmartche/Sites/carsale/noticias-br/wp-content/uploads/wppa/21.jpg was expected but is missing
Error: on:14 de abril de 2014 22:09: Unexpected error: file /Users/mmartche/Sites/carsale/noticias-br/wp-content/uploads/wppa/1.jpg was expected but is missing
Error: on:14 de abril de 2014 22:09: Unexpected error: file /Users/mmartche/Sites/carsale/noticias-br/wp-content/uploads/wppa/3.jpg was expected but is missing
Error: on:14 de abril de 2014 22:09: Unexpected error: file /Users/mmartche/Sites/carsale/noticias-br/wp-content/uploads/wppa/4.jpg was expected but is missing
Error: on:14 de abril de 2014 22:09: Unexpected error: file /Users/mmartche/Sites/carsale/noticias-br/wp-content/uploads/wppa/5.jpg was expected but is missing
Error: on:14 de abril de 2014 22:09: Unexpected error: file /Users/mmartche/Sites/carsale/noticias-br/wp-content/uploads/wppa/6.jpg was expected but is missing
Error: on:14 de abril de 2014 22:09: Unexpected error: file /Users/mmartche/Sites/carsale/noticias-br/wp-content/uploads/wppa/7.jpg was expected but is missing
Error: on:14 de abril de 2014 22:09: Unexpected error: file /Users/mmartche/Sites/carsale/noticias-br/wp-content/uploads/wppa/8.jpg was expected but is missing
Error: on:14 de abril de 2014 22:09: Unexpected error: file /Users/mmartche/Sites/carsale/noticias-br/wp-content/uploads/wppa/9.jpg was expected but is missing
Error: on:14 de abril de 2014 22:09: Unexpected error: file /Users/mmartche/Sites/carsale/noticias-br/wp-content/uploads/wppa/10.jpg was expected but is missing
Error: on:14 de abril de 2014 22:09: Unexpected error: file /Users/mmartche/Sites/carsale/noticias-br/wp-content/uploads/wppa/11.jpg was expected but is missing
Error: on:14 de abril de 2014 22:09: Unexpected error: file /Users/mmartche/Sites/carsale/noticias-br/wp-content/uploads/wppa/13.jpg was expected but is missing
Error: on:14 de abril de 2014 22:09: Unexpected error: file /Users/mmartche/Sites/carsale/noticias-br/wp-content/uploads/wppa/14.jpg was expected but is missing
Error: on:14 de abril de 2014 22:09: Unexpected error: file /Users/mmartche/Sites/carsale/noticias-br/wp-content/uploads/wppa/15.jpg was expected but is missing
Error: on:14 de abril de 2014 22:09: Unexpected error: file /Users/mmartche/Sites/carsale/noticias-br/wp-content/uploads/wppa/16.jpg was expected but is missing
Error: on:14 de abril de 2014 22:09: Unexpected error: file /Users/mmartche/Sites/carsale/noticias-br/wp-content/uploads/wppa/17.jpg was expected but is missing
Error: on:14 de abril de 2014 22:09: Unexpected error: file /Users/mmartche/Sites/carsale/noticias-br/wp-content/uploads/wppa/18.jpg was expected but is missing
Error: on:14 de abril de 2014 22:09: Unexpected error: file /Users/mmartche/Sites/carsale/noticias-br/wp-content/uploads/wppa/19.jpg was expected but is missing
Error: on:14 de abril de 2014 22:09: Unexpected error: file /Users/mmartche/Sites/carsale/noticias-br/wp-content/uploads/wppa/20.jpg was expected but is missing
Error: on:14 de abril de 2014 22:09: Unexpected error: file /Users/mmartche/Sites/carsale/noticias-br/wp-content/uploads/wppa/21.jpg was expected but is missing
Error: on:14 de abril de 2014 22:10: Unexpected error: file /Users/mmartche/Sites/carsale/noticias-br/wp-content/uploads/wppa/1.jpg was expected but is missing
Error: on:14 de abril de 2014 22:10: Unexpected error: file /Users/mmartche/Sites/carsale/noticias-br/wp-content/uploads/wppa/3.jpg was expected but is missing
Error: on:14 de abril de 2014 22:10: Unexpected error: file /Users/mmartche/Sites/carsale/noticias-br/wp-content/uploads/wppa/4.jpg was expected but is missing
Error: on:14 de abril de 2014 22:10: Unexpected error: file /Users/mmartche/Sites/carsale/noticias-br/wp-content/uploads/wppa/5.jpg was expected but is missing
Error: on:14 de abril de 2014 22:10: Unexpected error: file /Users/mmartche/Sites/carsale/noticias-br/wp-content/uploads/wppa/6.jpg was expected but is missing
Error: on:14 de abril de 2014 22:10: Unexpected error: file /Users/mmartche/Sites/carsale/noticias-br/wp-content/uploads/wppa/7.jpg was expected but is missing
Error: on:14 de abril de 2014 22:10: Unexpected error: file /Users/mmartche/Sites/carsale/noticias-br/wp-content/uploads/wppa/8.jpg was expected but is missing
Error: on:14 de abril de 2014 22:10: Unexpected error: file /Users/mmartche/Sites/carsale/noticias-br/wp-content/uploads/wppa/9.jpg was expected but is missing
Error: on:14 de abril de 2014 22:10: Unexpected error: file /Users/mmartche/Sites/carsale/noticias-br/wp-content/uploads/wppa/10.jpg was expected but is missing
Error: on:14 de abril de 2014 22:10: Unexpected error: file /Users/mmartche/Sites/carsale/noticias-br/wp-content/uploads/wppa/11.jpg was expected but is missing
Error: on:14 de abril de 2014 22:10: Unexpected error: file /Users/mmartche/Sites/carsale/noticias-br/wp-content/uploads/wppa/13.jpg was expected but is missing
Error: on:14 de abril de 2014 22:10: Unexpected error: file /Users/mmartche/Sites/carsale/noticias-br/wp-content/uploads/wppa/14.jpg was expected but is missing
Error: on:14 de abril de 2014 22:10: Unexpected error: file /Users/mmartche/Sites/carsale/noticias-br/wp-content/uploads/wppa/15.jpg was expected but is missing
Error: on:14 de abril de 2014 22:10: Unexpected error: file /Users/mmartche/Sites/carsale/noticias-br/wp-content/uploads/wppa/16.jpg was expected but is missing
Error: on:14 de abril de 2014 22:10: Unexpected error: file /Users/mmartche/Sites/carsale/noticias-br/wp-content/uploads/wppa/17.jpg was expected but is missing
Error: on:14 de abril de 2014 22:10: Unexpected error: file /Users/mmartche/Sites/carsale/noticias-br/wp-content/uploads/wppa/18.jpg was expected but is missing
Error: on:14 de abril de 2014 22:10: Unexpected error: file /Users/mmartche/Sites/carsale/noticias-br/wp-content/uploads/wppa/19.jpg was expected but is missing
Error: on:14 de abril de 2014 22:10: Unexpected error: file /Users/mmartche/Sites/carsale/noticias-br/wp-content/uploads/wppa/20.jpg was expected but is missing
Error: on:14 de abril de 2014 22:10: Unexpected error: file /Users/mmartche/Sites/carsale/noticias-br/wp-content/uploads/wppa/21.jpg was expected but is missing
